[debug] [2023-06-11T21:01:33.047Z] ----------------------------------------------------------------------
[debug] [2023-06-11T21:01:33.049Z] Command:       C:\Program Files (x86)\nodejs\node.exe C:\Users\Remon\AppData\Roaming\npm\node_modules\firebase-tools\lib\bin\firebase.js init
[debug] [2023-06-11T21:01:33.050Z] CLI Version:   11.29.1
[debug] [2023-06-11T21:01:33.050Z] Platform:      win32
[debug] [2023-06-11T21:01:33.050Z] Node Version:  v18.14.0
[debug] [2023-06-11T21:01:33.052Z] Time:          Mon Jun 12 2023 03:01:33 GMT+0600 (Bangladesh Standard Time)
[debug] [2023-06-11T21:01:33.052Z] ----------------------------------------------------------------------
[debug] 
[debug] [2023-06-11T21:01:33.065Z] >>> [apiv2][query] GET https://firebase-public.firebaseio.com/cli.json [none]
[debug] [2023-06-11T21:01:33.125Z] > command requires scopes: ["email","openid","https://www.googleapis.com/auth/cloudplatformprojects.readonly","https://www.googleapis.com/auth/firebase","https://www.googleapis.com/auth/cloud-platform"]
[debug] [2023-06-11T21:01:33.125Z] > authorizing via signed-in user (engmahfuz14@gmail.com)
[info] 
     ######## #### ########  ######## ########     ###     ######  ########
     ##        ##  ##     ## ##       ##     ##  ##   ##  ##       ##
     ######    ##  ########  ######   ########  #########  ######  ######
     ##        ##  ##    ##  ##       ##     ## ##     ##       ## ##
     ##       #### ##     ## ######## ########  ##     ##  ######  ########

You're about to initialize a Firebase project in this directory:

  C:\Only-Projects\All_Assignment\Assignment 12\b7a12-summer-camp-server_side-mahfuz091

Before we get started, keep in mind:

  * You are currently outside your home directory

[debug] [2023-06-11T21:01:33.960Z] <<< [apiv2][status] GET https://firebase-public.firebaseio.com/cli.json 200
[debug] [2023-06-11T21:01:33.962Z] <<< [apiv2][body] GET https://firebase-public.firebaseio.com/cli.json {"cloudBuildErrorAfter":1594252800000,"cloudBuildWarnAfter":1590019200000,"defaultNode10After":1594252800000,"minVersion":"3.0.5","node8DeploysDisabledAfter":1613390400000,"node8RuntimeDisabledAfter":1615809600000,"node8WarnAfter":1600128000000}
[debug] [2023-06-11T21:02:22.726Z] ----------------------------------------------------------------------
[debug] [2023-06-11T21:02:22.728Z] Command:       C:\Program Files (x86)\nodejs\node.exe C:\Users\Remon\AppData\Roaming\npm\node_modules\firebase-tools\lib\bin\firebase.js init
[debug] [2023-06-11T21:02:22.728Z] CLI Version:   11.29.1
[debug] [2023-06-11T21:02:22.728Z] Platform:      win32
[debug] [2023-06-11T21:02:22.729Z] Node Version:  v18.14.0
[debug] [2023-06-11T21:02:22.730Z] Time:          Mon Jun 12 2023 03:02:22 GMT+0600 (Bangladesh Standard Time)
[debug] [2023-06-11T21:02:22.730Z] ----------------------------------------------------------------------
[debug] 
[debug] [2023-06-11T21:02:22.738Z] > command requires scopes: ["email","openid","https://www.googleapis.com/auth/cloudplatformprojects.readonly","https://www.googleapis.com/auth/firebase","https://www.googleapis.com/auth/cloud-platform"]
[debug] [2023-06-11T21:02:22.739Z] > authorizing via signed-in user (engmahfuz14@gmail.com)
[info] 
     ######## #### ########  ######## ########     ###     ######  ########
     ##        ##  ##     ## ##       ##     ##  ##   ##  ##       ##
     ######    ##  ########  ######   ########  #########  ######  ######
     ##        ##  ##    ##  ##       ##     ## ##     ##       ## ##
     ##       #### ##     ## ######## ########  ##     ##  ######  ########

You're about to initialize a Firebase project in this directory:

  C:\Only-Projects\All_Assignment\Assignment 12\b7a12-summer-camp-server_side-mahfuz091

Before we get started, keep in mind:

  * You are currently outside your home directory

